gplink-1.4.0 #1107 (Apr  3 2018)
Copyright (c) 1998-2014 gputils project
Listing File Generated: 1-13-2023  22:53:08
 
 
Address  Value    Disassembly              Source
-------  -----    -----------              ------
                                           ;--------------------------------------------------------
                                           ; File Created by SDCC : free open source ANSI-C Compiler
                                           ; Version 4.0.0 #11528 (Linux)
                                           ;--------------------------------------------------------
                                           ; PIC port for the 14-bit core
                                           ;--------------------------------------------------------
                                           ;	.file	"lab1.c"
                                           	list	p=12f675
                                           	radix dec
                                           	include "p12f675.inc"
                                                   LIST
                                           
                                           ;==========================================================================
                                           ; Build date : Aug 07 2014
                                           ;  MPASM PIC12F675 processor include
                                           ; 
                                           ;  (c) Copyright 1999-2014 Microchip Technology, All rights reserved
                                           ;==========================================================================
                                           
                                                   NOLIST
                                           ;--------------------------------------------------------
                                           ; config word(s)
                                           ;--------------------------------------------------------
002007   3ff7     addlw   0xf7             	__config 0x3ff7
                                           ;--------------------------------------------------------
                                           ; external declarations
                                           ;--------------------------------------------------------
                                           	extern	_TRISIO
                                           	extern	_GPIO
                                           	extern	_GPIObits
                                           	extern	__sdcc_gsinit_startup
                                           ;--------------------------------------------------------
                                           ; global declarations
                                           ;--------------------------------------------------------
                                           	global	_main
                                           	global	_s
                                           	global	_delay
                                           	global	_rotl
                                           	global	_next
                                           	global	_rand
                                           
                                           	global PSAVE
                                           	global SSAVE
                                           	global WSAVE
                                           	global STK12
                                           	global STK11
                                           	global STK10
                                           	global STK09
                                           	global STK08
                                           	global STK07
                                           	global STK06
                                           	global STK05
                                           	global STK04
                                           	global STK03
                                           	global STK02
                                           	global STK01
                                           	global STK00
                                           
                                           sharebank udata_ovr 0x0020
                                           PSAVE	res 1
                                           SSAVE	res 1
                                           WSAVE	res 1
                                           STK12	res 1
                                           STK11	res 1
                                           STK10	res 1
                                           STK09	res 1
                                           STK08	res 1
                                           STK07	res 1
                                           STK06	res 1
                                           STK05	res 1
                                           STK04	res 1
                                           STK03	res 1
                                           STK02	res 1
                                           STK01	res 1
                                           STK00	res 1
                                           
                                           ;--------------------------------------------------------
                                           ; global definitions
                                           ;--------------------------------------------------------
                                           ;--------------------------------------------------------
                                           ; absolute symbol definitions
                                           ;--------------------------------------------------------
                                           ;--------------------------------------------------------
                                           ; compiler-defined variables
                                           ;--------------------------------------------------------
                                           UDL_lab1_0	udata
                                           r0x1019	res	1
                                           r0x1018	res	1
                                           r0x1011	res	1
                                           r0x1010	res	1
                                           r0x1012	res	1
                                           r0x1013	res	1
                                           r0x1014	res	1
                                           r0x1015	res	1
                                           r0x1016	res	1
                                           r0x1017	res	1
                                           r0x1002	res	1
                                           r0x1004	res	1
                                           r0x1005	res	1
                                           r0x1006	res	1
                                           r0x1007	res	1
                                           r0x1008	res	1
                                           r0x1009	res	1
                                           r0x100A	res	1
                                           r0x100B	res	1
                                           r0x100E	res	1
                                           r0x100F	res	1
                                           ;--------------------------------------------------------
                                           ; initialized data
                                           ;--------------------------------------------------------
                                           
                                           IDD_lab1_0	idata
                                           _s
                                           	db	0x00	; 0
                                           	db	0xa3	; 163
                                           
                                           ;--------------------------------------------------------
                                           ; initialized absolute data
                                           ;--------------------------------------------------------
                                           ;--------------------------------------------------------
                                           ; overlayable items in internal ram 
                                           ;--------------------------------------------------------
                                           ;	udata_ovr
                                           ;--------------------------------------------------------
                                           ; reset vector 
                                           ;--------------------------------------------------------
                                           STARTUP	code 0x0000
000000   0000     nop                      	nop
                                           	pagesel __sdcc_gsinit_startup
000001   2802     goto    0x0002           	goto	__sdcc_gsinit_startup
                                           ;--------------------------------------------------------
                                           ; code
                                           ;--------------------------------------------------------
                                           code_lab1	code
                                           ;***
                                           ;  pBlock Stats: dbName = M
                                           ;***
                                           ;has an exit
                                           ;functions called:
                                           ;   _rand
                                           ;   _delay
                                           ;   _delay
                                           ;   _delay
                                           ;   _delay
                                           ;   _delay
                                           ;   _delay
                                           ;   _rand
                                           ;   _delay
                                           ;   _delay
                                           ;   _delay
                                           ;   _delay
                                           ;   _delay
                                           ;   _delay
                                           ;3 compiler assigned registers:
                                           ;   r0x1018
                                           ;   STK00
                                           ;   r0x1019
                                           ;; Starting pCode block
                                           S_lab1__main	code
                                           _main:
                                           ; 2 exit points
                                           ;	.line	18; "lab1.c"	TRISIO = 0b00100000; //Poner todos los pines como salidas
00009e   3020     movlw   0x20             	MOVLW	0x20
00009f   1683     bsf     0x03, 0x5        	BANKSEL	_TRISIO
0000a0   0085     movwf   0x05             	MOVWF	_TRISIO
                                           ;	.line	19; "lab1.c"	GPIO = 0x00; //Poner pines en bajo
0000a1   1283     bcf     0x03, 0x5        	BANKSEL	_GPIO
0000a2   0185     clrf    0x05             	CLRF	_GPIO
                                           _00116_DS_:
                                           ;	.line	28; "lab1.c"	if (GP5) {
0000a3   1283     bcf     0x03, 0x5        	BANKSEL	_GPIObits
0000a4   1e85     btfss   0x05, 0x5        	BTFSS	_GPIObits,5
0000a5   2902     goto    0x0102           	GOTO	_00113_DS_
                                           ;	.line	30; "lab1.c"	random_num = rand();
                                           	PAGESEL	_rand
0000a6   21b0     call    0x01b0           	CALL	_rand
                                           	PAGESEL	$
0000a7   00b1     movwf   0x31             	MOVWF	r0x1018
0000a8   082f     movf    0x2f, 0x0        	MOVF	STK00,W
0000a9   00b0     movwf   0x30             	MOVWF	r0x1019
                                           ;;unsigned compare: left < lit(0x1=1), size=2
                                           ;	.line	32; "lab1.c"	switch (random_num)
0000aa   3000     movlw   0x00             	MOVLW	0x00
0000ab   0231     subwf   0x31, 0x0        	SUBWF	r0x1018,W
0000ac   1d03     btfss   0x03, 0x2        	BTFSS	STATUS,2
0000ad   28b0     goto    0x00b0           	GOTO	_00136_DS_
0000ae   3001     movlw   0x01             	MOVLW	0x01
0000af   0230     subwf   0x30, 0x0        	SUBWF	r0x1019,W
                                           _00136_DS_:
0000b0   1c03     btfss   0x03, 0x0        	BTFSS	STATUS,0
0000b1   28a3     goto    0x00a3           	GOTO	_00116_DS_
                                           ;;genSkipc:3307: created from rifx:0x7ffcd434e220
                                           ;;swapping arguments (AOP_TYPEs 1/2)
                                           ;;unsigned compare: left >= lit(0x7=7), size=2
0000b2   3000     movlw   0x00             	MOVLW	0x00
0000b3   0231     subwf   0x31, 0x0        	SUBWF	r0x1018,W
0000b4   1d03     btfss   0x03, 0x2        	BTFSS	STATUS,2
0000b5   28b8     goto    0x00b8           	GOTO	_00137_DS_
0000b6   3007     movlw   0x07             	MOVLW	0x07
0000b7   0230     subwf   0x30, 0x0        	SUBWF	r0x1019,W
                                           _00137_DS_:
0000b8   1803     btfsc   0x03, 0x0        	BTFSC	STATUS,0
0000b9   28a3     goto    0x00a3           	GOTO	_00116_DS_
                                           ;;genSkipc:3307: created from rifx:0x7ffcd434e220
0000ba   03b0     decf    0x30, 0x1        	DECF	r0x1019,F
0000bb   3000     movlw   0x00             	MOVLW	HIGH(_00138_DS_)
0000bc   008a     movwf   0x0a             	MOVWF	PCLATH
0000bd   30c2     movlw   0xc2             	MOVLW	_00138_DS_
0000be   0730     addwf   0x30, 0x0        	ADDWF	r0x1019,W
0000bf   1803     btfsc   0x03, 0x0        	BTFSC	STATUS,0
0000c0   0a8a     incf    0x0a, 0x1        	INCF	PCLATH,F
0000c1   0082     movwf   0x02             	MOVWF	PCL
                                           _00138_DS_:
0000c2   28c8     goto    0x00c8           	GOTO	_00105_DS_
0000c3   28d1     goto    0x00d1           	GOTO	_00106_DS_
0000c4   28da     goto    0x00da           	GOTO	_00107_DS_
0000c5   28e4     goto    0x00e4           	GOTO	_00108_DS_
0000c6   28ee     goto    0x00ee           	GOTO	_00109_DS_
0000c7   28f8     goto    0x00f8           	GOTO	_00110_DS_
                                           _00105_DS_:
                                           ;	.line	36; "lab1.c"	GP0 = 1;
0000c8   1283     bcf     0x03, 0x5        	BANKSEL	_GPIObits
0000c9   1405     bsf     0x05, 0x0        	BSF	_GPIObits,0
                                           ;	.line	37; "lab1.c"	delay(time);
0000ca   30c8     movlw   0xc8             	MOVLW	0xc8
0000cb   00af     movwf   0x2f             	MOVWF	STK00
0000cc   3000     movlw   0x00             	MOVLW	0x00
                                           	PAGESEL	_delay
0000cd   2166     call    0x0166           	CALL	_delay
                                           	PAGESEL	$
                                           ;	.line	38; "lab1.c"	GP0 = 0;
0000ce   1283     bcf     0x03, 0x5        	BANKSEL	_GPIObits
0000cf   1005     bcf     0x05, 0x0        	BCF	_GPIObits,0
                                           ;	.line	39; "lab1.c"	break;
0000d0   28a3     goto    0x00a3           	GOTO	_00116_DS_
                                           _00106_DS_:
                                           ;	.line	44; "lab1.c"	GP4 = 1;
0000d1   1283     bcf     0x03, 0x5        	BANKSEL	_GPIObits
0000d2   1605     bsf     0x05, 0x4        	BSF	_GPIObits,4
                                           ;	.line	45; "lab1.c"	delay(time);
0000d3   30c8     movlw   0xc8             	MOVLW	0xc8
0000d4   00af     movwf   0x2f             	MOVWF	STK00
0000d5   3000     movlw   0x00             	MOVLW	0x00
                                           	PAGESEL	_delay
0000d6   2166     call    0x0166           	CALL	_delay
                                           	PAGESEL	$
                                           ;	.line	46; "lab1.c"	GP4 = 0;
0000d7   1283     bcf     0x03, 0x5        	BANKSEL	_GPIObits
0000d8   1205     bcf     0x05, 0x4        	BCF	_GPIObits,4
                                           ;	.line	47; "lab1.c"	break;
0000d9   28a3     goto    0x00a3           	GOTO	_00116_DS_
                                           _00107_DS_:
                                           ;	.line	52; "lab1.c"	GPIO = 0b00010001;
0000da   3011     movlw   0x11             	MOVLW	0x11
0000db   1283     bcf     0x03, 0x5        	BANKSEL	_GPIO
0000dc   0085     movwf   0x05             	MOVWF	_GPIO
                                           ;	.line	53; "lab1.c"	delay(time);
0000dd   30c8     movlw   0xc8             	MOVLW	0xc8
0000de   00af     movwf   0x2f             	MOVWF	STK00
0000df   3000     movlw   0x00             	MOVLW	0x00
                                           	PAGESEL	_delay
0000e0   2166     call    0x0166           	CALL	_delay
                                           	PAGESEL	$
                                           ;	.line	54; "lab1.c"	GPIO = 0b00000000;
0000e1   1283     bcf     0x03, 0x5        	BANKSEL	_GPIO
0000e2   0185     clrf    0x05             	CLRF	_GPIO
                                           ;	.line	55; "lab1.c"	break;
0000e3   28a3     goto    0x00a3           	GOTO	_00116_DS_
                                           _00108_DS_:
                                           ;	.line	60; "lab1.c"	GPIO = 0b00010010;
0000e4   3012     movlw   0x12             	MOVLW	0x12
0000e5   1283     bcf     0x03, 0x5        	BANKSEL	_GPIO
0000e6   0085     movwf   0x05             	MOVWF	_GPIO
                                           ;	.line	61; "lab1.c"	delay(time);
0000e7   30c8     movlw   0xc8             	MOVLW	0xc8
0000e8   00af     movwf   0x2f             	MOVWF	STK00
0000e9   3000     movlw   0x00             	MOVLW	0x00
                                           	PAGESEL	_delay
0000ea   2166     call    0x0166           	CALL	_delay
                                           	PAGESEL	$
                                           ;	.line	62; "lab1.c"	GPIO = 0b00000000;
0000eb   1283     bcf     0x03, 0x5        	BANKSEL	_GPIO
0000ec   0185     clrf    0x05             	CLRF	_GPIO
                                           ;	.line	63; "lab1.c"	break;
0000ed   28a3     goto    0x00a3           	GOTO	_00116_DS_
                                           _00109_DS_:
                                           ;	.line	68; "lab1.c"	GPIO = 0b00010011;
0000ee   3013     movlw   0x13             	MOVLW	0x13
0000ef   1283     bcf     0x03, 0x5        	BANKSEL	_GPIO
0000f0   0085     movwf   0x05             	MOVWF	_GPIO
                                           ;	.line	69; "lab1.c"	delay(time);
0000f1   30c8     movlw   0xc8             	MOVLW	0xc8
0000f2   00af     movwf   0x2f             	MOVWF	STK00
0000f3   3000     movlw   0x00             	MOVLW	0x00
                                           	PAGESEL	_delay
0000f4   2166     call    0x0166           	CALL	_delay
                                           	PAGESEL	$
                                           ;	.line	70; "lab1.c"	GPIO = 0b00000000;
0000f5   1283     bcf     0x03, 0x5        	BANKSEL	_GPIO
0000f6   0185     clrf    0x05             	CLRF	_GPIO
                                           ;	.line	71; "lab1.c"	break;
0000f7   28a3     goto    0x00a3           	GOTO	_00116_DS_
                                           _00110_DS_:
                                           ;	.line	76; "lab1.c"	GPIO = 0b00010110;
0000f8   3016     movlw   0x16             	MOVLW	0x16
0000f9   1283     bcf     0x03, 0x5        	BANKSEL	_GPIO
0000fa   0085     movwf   0x05             	MOVWF	_GPIO
                                           ;	.line	77; "lab1.c"	delay(time);
0000fb   30c8     movlw   0xc8             	MOVLW	0xc8
0000fc   00af     movwf   0x2f             	MOVWF	STK00
0000fd   3000     movlw   0x00             	MOVLW	0x00
                                           	PAGESEL	_delay
0000fe   2166     call    0x0166           	CALL	_delay
                                           	PAGESEL	$
                                           ;	.line	78; "lab1.c"	GPIO = 0b00000000;
0000ff   1283     bcf     0x03, 0x5        	BANKSEL	_GPIO
000100   0185     clrf    0x05             	CLRF	_GPIO
                                           ;	.line	82; "lab1.c"	}
000101   28a3     goto    0x00a3           	GOTO	_00116_DS_
                                           _00113_DS_:
                                           ;	.line	85; "lab1.c"	GPIO = 0x00; 
000102   1283     bcf     0x03, 0x5        	BANKSEL	_GPIO
000103   0185     clrf    0x05             	CLRF	_GPIO
000104   28a3     goto    0x00a3           	GOTO	_00116_DS_
                                           ;	.line	89; "lab1.c"	}
000105   0008     return                   	RETURN	
                                           ; exit point of _main
                                           
                                           ;***
                                           ;  pBlock Stats: dbName = C
                                           ;***
                                           ;has an exit
                                           ;functions called:
                                           ;   _next
                                           ;   _next
                                           ;4 compiler assigned registers:
                                           ;   r0x100D
                                           ;   r0x100E
                                           ;   r0x100F
                                           ;   STK00
                                           ;; Starting pCode block
                                           S_lab1__rand	code
                                           _rand:
                                           ; 2 exit points
                                           _00195_DS_:
                                           ;	.line	123; "lab1.c"	randi = next();
                                           	PAGESEL	_next
0001b0   218d     call    0x018d           	CALL	_next
                                           	PAGESEL	$
                                           ;;1	MOVWF	r0x100D
0001b1   00c3     movwf   0x43             	MOVWF	r0x100E
0001b2   01c4     clrf    0x44             	CLRF	r0x100F
                                           ;;signed compare: left < lit(0x7=7), size=2, mask=ffff
0001b3   3000     movlw   0x00             	MOVLW	0x00
0001b4   3e80     addlw   0x80             	ADDLW	0x80
0001b5   3e80     addlw   0x80             	ADDLW	0x80
0001b6   1d03     btfss   0x03, 0x2        	BTFSS	STATUS,2
0001b7   29ba     goto    0x01ba           	GOTO	_00211_DS_
0001b8   3007     movlw   0x07             	MOVLW	0x07
0001b9   0243     subwf   0x43, 0x0        	SUBWF	r0x100E,W
                                           _00211_DS_:
0001ba   1803     btfsc   0x03, 0x0        	BTFSC	STATUS,0
0001bb   29b0     goto    0x01b0           	GOTO	_00195_DS_
                                           ;;genSkipc:3307: created from rifx:0x7ffcd434e220
                                           ;;swapping arguments (AOP_TYPEs 1/2)
                                           ;;signed compare: left >= lit(0x1=1), size=2, mask=ffff
0001bc   0844     movf    0x44, 0x0        	MOVF	r0x100F,W
0001bd   3e80     addlw   0x80             	ADDLW	0x80
0001be   3e80     addlw   0x80             	ADDLW	0x80
0001bf   1d03     btfss   0x03, 0x2        	BTFSS	STATUS,2
0001c0   29c3     goto    0x01c3           	GOTO	_00212_DS_
0001c1   3001     movlw   0x01             	MOVLW	0x01
0001c2   0243     subwf   0x43, 0x0        	SUBWF	r0x100E,W
                                           _00212_DS_:
0001c3   1c03     btfss   0x03, 0x0        	BTFSS	STATUS,0
0001c4   29b0     goto    0x01b0           	GOTO	_00195_DS_
                                           ;;genSkipc:3307: created from rifx:0x7ffcd434e220
                                           ;	.line	125; "lab1.c"	return randi;
0001c5   0843     movf    0x43, 0x0        	MOVF	r0x100E,W
0001c6   00af     movwf   0x2f             	MOVWF	STK00
0001c7   0844     movf    0x44, 0x0        	MOVF	r0x100F,W
                                           ;	.line	129; "lab1.c"	}
0001c8   0008     return                   	RETURN	
                                           ; exit point of _rand
                                           
                                           ;***
                                           ;  pBlock Stats: dbName = C
                                           ;***
                                           ;has an exit
                                           ;functions called:
                                           ;   _rotl
                                           ;   _rotl
                                           ;   _rotl
                                           ;   _rotl
                                           ;7 compiler assigned registers:
                                           ;   r0x1008
                                           ;   r0x1009
                                           ;   r0x100A
                                           ;   STK01
                                           ;   STK00
                                           ;   r0x100B
                                           ;   r0x100C
                                           ;; Starting pCode block
                                           S_lab1__next	code
                                           _next:
                                           ; 2 exit points
                                           ;	.line	109; "lab1.c"	uint8_t s0 = s[0];
00018d   0851     movf    0x51, 0x0        	MOVF	(_s + 0),W
00018e   00bf     movwf   0x3f             	MOVWF	r0x1008
                                           ;	.line	110; "lab1.c"	uint8_t s1 = s[1];
00018f   0852     movf    0x52, 0x0        	MOVF	(_s + 1),W
                                           ;	.line	111; "lab1.c"	uint8_t result = s0 + s1;
000190   00c0     movwf   0x40             	MOVWF	r0x1009
000191   073f     addwf   0x3f, 0x0        	ADDWF	r0x1008,W
000192   00c1     movwf   0x41             	MOVWF	r0x100A
                                           ;	.line	113; "lab1.c"	s1 ^= s0;
000193   083f     movf    0x3f, 0x0        	MOVF	r0x1008,W
000194   06c0     xorwf   0x40, 0x1        	XORWF	r0x1009,F
                                           ;	.line	114; "lab1.c"	s[0] = rotl(s0, 6) ^ s1 ^ (s1 << 1);
000195   3006     movlw   0x06             	MOVLW	0x06
000196   00ae     movwf   0x2e             	MOVWF	STK01
000197   3000     movlw   0x00             	MOVLW	0x00
000198   00af     movwf   0x2f             	MOVWF	STK00
000199   083f     movf    0x3f, 0x0        	MOVF	r0x1008,W
                                           	PAGESEL	_rotl
00019a   213a     call    0x013a           	CALL	_rotl
                                           	PAGESEL	$
00019b   00bf     movwf   0x3f             	MOVWF	r0x1008
00019c   0840     movf    0x40, 0x0        	MOVF	r0x1009,W
00019d   06bf     xorwf   0x3f, 0x1        	XORWF	r0x1008,F
00019e   0840     movf    0x40, 0x0        	MOVF	r0x1009,W
00019f   00c2     movwf   0x42             	MOVWF	r0x100B
0001a0   1003     bcf     0x03, 0x0        	BCF	STATUS,0
0001a1   0d42     rlf     0x42, 0x0        	RLF	r0x100B,W
                                           ;;1	MOVWF	r0x100C
0001a2   00c2     movwf   0x42             	MOVWF	r0x100B
0001a3   06bf     xorwf   0x3f, 0x1        	XORWF	r0x1008,F
                                           ;;/home/sdcc-builder/build/sdcc-build/orig/sdcc/src/pic14/gen.c:6828: size=0, offset=0, AOP_TYPE(res)=8
0001a4   083f     movf    0x3f, 0x0        	MOVF	r0x1008,W
0001a5   00d1     movwf   0x51             	MOVWF	(_s + 0)
                                           ;	.line	115; "lab1.c"	s[1] = rotl(s1, 3);
0001a6   3003     movlw   0x03             	MOVLW	0x03
0001a7   00ae     movwf   0x2e             	MOVWF	STK01
0001a8   3000     movlw   0x00             	MOVLW	0x00
0001a9   00af     movwf   0x2f             	MOVWF	STK00
0001aa   0840     movf    0x40, 0x0        	MOVF	r0x1009,W
                                           	PAGESEL	_rotl
0001ab   213a     call    0x013a           	CALL	_rotl
                                           	PAGESEL	$
0001ac   00bf     movwf   0x3f             	MOVWF	r0x1008
0001ad   00d2     movwf   0x52             	MOVWF	(_s + 1)
                                           ;	.line	117; "lab1.c"	return result;
0001ae   0841     movf    0x41, 0x0        	MOVF	r0x100A,W
                                           ;	.line	118; "lab1.c"	}
0001af   0008     return                   	RETURN	
                                           ; exit point of _next
                                           
                                           ;***
                                           ;  pBlock Stats: dbName = C
                                           ;***
                                           ;has an exit
                                           ;8 compiler assigned registers:
                                           ;   r0x1002
                                           ;   STK00
                                           ;   r0x1003
                                           ;   STK01
                                           ;   r0x1004
                                           ;   r0x1005
                                           ;   r0x1006
                                           ;   r0x1007
                                           ;; Starting pCode block
                                           S_lab1__rotl	code
                                           _rotl:
                                           ; 2 exit points
00013a   00be     movwf   0x3e             	MOVWF	r0x1007
00013b   00bc     movwf   0x3c             	MOVWF	r0x1005
                                           ;	.line	102; "lab1.c"	uint8_t rotl(const uint8_t x, int k) {
00013c   00ba     movwf   0x3a             	MOVWF	r0x1002
00013d   082f     movf    0x2f, 0x0        	MOVF	STK00,W
                                           ;;1	MOVWF	r0x1003
00013e   082e     movf    0x2e, 0x0        	MOVF	STK01,W
00013f   00bd     movwf   0x3d             	MOVWF	r0x1006
000140   00bb     movwf   0x3b             	MOVWF	r0x1004
                                           ;;99	MOVF	r0x1002,W
                                           ;;100	MOVF	r0x1004,W
                                           ;;101	MOVF	r0x1005,W
                                           ;	.line	103; "lab1.c"	return (x << k) | (x >> (8 - k));
000141   083d     movf    0x3d, 0x0        	MOVF	r0x1006,W
000142   1bbd     btfsc   0x3d, 0x7        	BTFSC	r0x1006,7
000143   294c     goto    0x014c           	GOTO	_00180_DS_
000144   3c00     sublw   0x00             	SUBLW	0x00
000145   1903     btfsc   0x03, 0x2        	BTFSC	STATUS,2
000146   2953     goto    0x0153           	GOTO	_00178_DS_
                                           _00177_DS_:
000147   0dbe     rlf     0x3e, 0x1        	RLF	r0x1007,F
000148   3e01     addlw   0x01             	ADDLW	0x01
000149   1c03     btfss   0x03, 0x0        	BTFSS	STATUS,0
00014a   2947     goto    0x0147           	GOTO	_00177_DS_
00014b   2953     goto    0x0153           	GOTO	_00178_DS_
                                           _00180_DS_:
00014c   1003     bcf     0x03, 0x0        	BCF	STATUS,0
00014d   1bbe     btfsc   0x3e, 0x7        	BTFSC	r0x1007,7
00014e   1403     bsf     0x03, 0x0        	BSF	STATUS,0
00014f   0cbe     rrf     0x3e, 0x1        	RRF	r0x1007,F
000150   3e01     addlw   0x01             	ADDLW	0x01
000151   1c03     btfss   0x03, 0x0        	BTFSS	STATUS,0
000152   294c     goto    0x014c           	GOTO	_00180_DS_
                                           _00178_DS_:
000153   083b     movf    0x3b, 0x0        	MOVF	r0x1004,W
000154   00bc     movwf   0x3c             	MOVWF	r0x1005
000155   3c08     sublw   0x08             	SUBLW	0x08
000156   00bb     movwf   0x3b             	MOVWF	r0x1004
000157   083a     movf    0x3a, 0x0        	MOVF	r0x1002,W
000158   00bc     movwf   0x3c             	MOVWF	r0x1005
000159   083b     movf    0x3b, 0x0        	MOVF	r0x1004,W
00015a   3c00     sublw   0x00             	SUBLW	0x00
00015b   1903     btfsc   0x03, 0x2        	BTFSC	STATUS,2
00015c   2961     goto    0x0161           	GOTO	_00182_DS_
                                           _00181_DS_:
00015d   0cbc     rrf     0x3c, 0x1        	RRF	r0x1005,F
00015e   3e01     addlw   0x01             	ADDLW	0x01
00015f   1c03     btfss   0x03, 0x0        	BTFSS	STATUS,0
000160   295d     goto    0x015d           	GOTO	_00181_DS_
                                           _00182_DS_:
000161   083e     movf    0x3e, 0x0        	MOVF	r0x1007,W
000162   00ba     movwf   0x3a             	MOVWF	r0x1002
000163   043c     iorwf   0x3c, 0x0        	IORWF	r0x1005,W
000164   00be     movwf   0x3e             	MOVWF	r0x1007
                                           ;	.line	104; "lab1.c"	}
000165   0008     return                   	RETURN	
                                           ; exit point of _rotl
                                           
                                           ;***
                                           ;  pBlock Stats: dbName = C
                                           ;***
                                           ;has an exit
                                           ;9 compiler assigned registers:
                                           ;   r0x1010
                                           ;   STK00
                                           ;   r0x1011
                                           ;   r0x1012
                                           ;   r0x1013
                                           ;   r0x1014
                                           ;   r0x1015
                                           ;   r0x1016
                                           ;   r0x1017
                                           ;; Starting pCode block
                                           S_lab1__delay	code
                                           _delay:
                                           ; 2 exit points
                                           ;	.line	92; "lab1.c"	void delay(unsigned int tiempo)
000166   00b3     movwf   0x33             	MOVWF	r0x1010
000167   082f     movf    0x2f, 0x0        	MOVF	STK00,W
000168   00b2     movwf   0x32             	MOVWF	r0x1011
                                           ;	.line	97; "lab1.c"	for(i=0;i<tiempo;i++)
000169   01b4     clrf    0x34             	CLRF	r0x1012
00016a   01b5     clrf    0x35             	CLRF	r0x1013
                                           _00149_DS_:
00016b   0833     movf    0x33, 0x0        	MOVF	r0x1010,W
00016c   0235     subwf   0x35, 0x0        	SUBWF	r0x1013,W
00016d   1d03     btfss   0x03, 0x2        	BTFSS	STATUS,2
00016e   2971     goto    0x0171           	GOTO	_00170_DS_
00016f   0832     movf    0x32, 0x0        	MOVF	r0x1011,W
000170   0234     subwf   0x34, 0x0        	SUBWF	r0x1012,W
                                           _00170_DS_:
000171   1803     btfsc   0x03, 0x0        	BTFSC	STATUS,0
000172   298c     goto    0x018c           	GOTO	_00151_DS_
                                           ;;genSkipc:3307: created from rifx:0x7ffcd434e220
                                           ;	.line	98; "lab1.c"	for(j=0;j<1275;j++);
000173   30fb     movlw   0xfb             	MOVLW	0xfb
000174   00b6     movwf   0x36             	MOVWF	r0x1014
000175   3004     movlw   0x04             	MOVLW	0x04
000176   00b7     movwf   0x37             	MOVWF	r0x1015
                                           _00147_DS_:
000177   30ff     movlw   0xff             	MOVLW	0xff
000178   0736     addwf   0x36, 0x0        	ADDWF	r0x1014,W
000179   00b8     movwf   0x38             	MOVWF	r0x1016
00017a   30ff     movlw   0xff             	MOVLW	0xff
00017b   00b9     movwf   0x39             	MOVWF	r0x1017
00017c   0837     movf    0x37, 0x0        	MOVF	r0x1015,W
00017d   1803     btfsc   0x03, 0x0        	BTFSC	STATUS,0
00017e   0f37     incfsz  0x37, 0x0        	INCFSZ	r0x1015,W
00017f   07b9     addwf   0x39, 0x1        	ADDWF	r0x1017,F
000180   0838     movf    0x38, 0x0        	MOVF	r0x1016,W
000181   00b6     movwf   0x36             	MOVWF	r0x1014
000182   0839     movf    0x39, 0x0        	MOVF	r0x1017,W
000183   00b7     movwf   0x37             	MOVWF	r0x1015
000184   0839     movf    0x39, 0x0        	MOVF	r0x1017,W
000185   0438     iorwf   0x38, 0x0        	IORWF	r0x1016,W
000186   1d03     btfss   0x03, 0x2        	BTFSS	STATUS,2
000187   2977     goto    0x0177           	GOTO	_00147_DS_
                                           ;	.line	97; "lab1.c"	for(i=0;i<tiempo;i++)
000188   0ab4     incf    0x34, 0x1        	INCF	r0x1012,F
000189   1903     btfsc   0x03, 0x2        	BTFSC	STATUS,2
00018a   0ab5     incf    0x35, 0x1        	INCF	r0x1013,F
00018b   296b     goto    0x016b           	GOTO	_00149_DS_
                                           _00151_DS_:
                                           ;	.line	99; "lab1.c"	}
00018c   0008     return                   	RETURN	
                                           ; exit point of _delay
                                           
                                           
                                           ;	code size estimation:
                                           ;	  231+   36 =   267 instructions (  606 byte)
                                           
                                           	end
